
ROM used:   6066/32768 (19%)
            30720/32768 (94%) including unused fragments

            1.0 Average locations per line
            7.9 Average locations per statement

RAM used:   523/2048 (26%) at main() level
            556/2048 (27%) worst case

Stack used: 7 worst case (2 in main + 5 for interrupts)
Stack size: 31

Lines Stmts  %   Files
----- ----- ---  -----
  280   126  16  main.c
  918     0   0  C:\Program Files (x86)\PICC\Devices\18LF25K50.h
  228     0   0  C:\Program Files (x86)\PICC\Drivers\pic18_usb.h
  328     0   0  C:\Program Files (x86)\PICC\Drivers\usb_hw_layer.h
  436     0   0  usb_desc_hid.h
 1103     0   0  C:\Program Files (x86)\PICC\Drivers\usb.h
 1192   249  32  C:\Program Files (x86)\PICC\Drivers\usb.c
 1508   315  41  C:\Program Files (x86)\PICC\Drivers\pic18_usb.c
   54    25   3  WS2812.h
   78    54   7  WS2812_Effects.c
----- -----
 6125   769 Total

Page ROM  %  RAM    Vol Diff  Functions:
---- --- --- ---    --- ----  ----------
0     30   0    7             @READ_PROGRAM_MEMORY
0     40   0    1             @delay_ms1
0     80   1    1             @PUTCHAR_1_
0     90   1    1             @GETCH_1_
0     32   0    0             @const748
0     48   0    0             @const754
0     48   0    0             @const760
0     18   0    0             @const763
0     18   0    0             @const767
0     58   0    0             @const771
0     18   0    0             @const774
0     18   0    0             @const777
0     34   0    0             @const782
0     34   0    5             @MUL1616
0     88   1    4    139  4.3  usb_tbe
0     46   0    0    236  2.3  usb_attach
0     36   0    1    375  5.2  usb_task
0    332   3   10    976  5.9  usb_flush_in
0    256   2    9    914  5.0  usb_flush_out
0    286   2   12    652  5.9  usb_get_packet_buffer
0     70   1    5    154  3.9  usb_get_packet
0    102   1    6    264  4.6  usb_stall_ep
0    122   1    6    329  4.7  usb_unstall_ep
0    118   1    5    373  6.0  usb_endpoint_stalled
0     26   0    1     94  2.7  usb_set_address
0    490   4   12   1743 10.9  usb_set_configured
0    112   1    5    199  3.2  usb_disable_endpoint
0     30   0    1     99  3.0  usb_disable_endpoints
0      4   0    0     61  4.0  usb_clear_trn
0    126   1    2    656  6.8  usb_isr
0      6   0    0     39  2.0  usb_isr_sof
0     48   0    0    450  4.3  usb_isr_rst
0     42   0    2    458  4.4  usb_init_ep0_setup
0      8   0    0     74  2.8  usb_isr_uerr
0     10   0    0     88  2.5  usb_isr_uidle
0     18   0    0    149  3.5  usb_isr_activity
0     14   0    0    151  3.9  usb_isr_stall
0      6   0    1     30  1.7  usb_request_send_response
0      4   0    0     22  1.2  usb_request_stall
0    248   2    3   3124  9.3  usb_isr_tok_dne
0      8   0    0     29  1.9  usb_enumerated
0     44   0    3    255  4.0  usb_token_reset
0     78   1    3    274  5.9  usb_endpoint_is_valid
0     36   0    1    158  3.1  usb_isr_tok_in_dne
0     10   0    1     53  1.9  usb_isr_tok_out_dne
0     50   0    0    375  6.4  usb_isr_tok_setup_dne
0    188   2    0   1454  8.3  usb_isr_tkn_setup_StandardDevice
0    168   1    3    995  7.8  usb_isr_tkn_setup_StandardInterface
0    108   1    0    753  5.8  usb_isr_tkn_setup_StandardEndpoint
0     12   0    0    105  3.8  usb_isr_tkn_setup_ClassInterface
0    310   3    4   1659 10.8  usb_Get_Descriptor
0     14   0    0     76  1.8  usb_finish_set_address
0    184   2    4    673  8.1  usb_copy_desc_seg_to_ep
0     34   0    0             @goto18500
0    104   1    8    172  3.2  Strip_setPixelColor
0    134   1    5    425  5.6  Strip_Show
0     16   0    0     45  1.4  Strip_Init
0    202   2    3    502  5.6  RTCC_isr
0    890   7  151   4646  8.8  MAIN
 Inline         0             @cinit1

Program metrics:
    Functions               44
    Statements              769
    Comments                2511
    Volume (V)              42792
    Difficulty (D)          213.7
    Effort to implement (E) 9145906
    Time to implement (T)   141 hours, 8 minutes
    Est Delivered Bugs (B)  15
    Cyclomatic Complexity   137
    Maintainability (MI)    50

 Segment     Used  Free
-----------  ----  ----
00000-007FE     0  2048  
00800-00806     4  4  
00808-008B8   178  0  
008BA-07FAE  5804  24650  
07FB0-07FFE    80  0  



